Connected to server plugins-preprod.nanome.ai 8888
Registered with plugin ID 19 
=======================================

Warning: The default menu (self.menu) is now deprecated and will be removed in a future version. Please use the ui.Menu() constructor to create the menu.
Error: Plugin encountered an error
Connected to server plugins-preprod.nanome.ai 8888
Registered with plugin ID 20 
=======================================

Warning: The default menu (self.menu) is now deprecated and will be removed in a future version. Please use the ui.Menu() constructor to create the menu.
Error: Plugin encountered an error
Connected to server plugins-preprod.nanome.ai 8888
Registered with plugin ID 21 
=======================================

Warning: The default menu (self.menu) is now deprecated and will be removed in a future version. Please use the ui.Menu() constructor to create the menu.
Connected to server plugins-preprod.nanome.ai 8888
Registered with plugin ID 22 
=======================================

Warning: The default menu (self.menu) is now deprecated and will be removed in a future version. Please use the ui.Menu() constructor to create the menu.
Error: Plugin encountered an error
Connected to server plugins-preprod.nanome.ai 8888
Registered with plugin ID 23 
=======================================

Warning: The default menu (self.menu) is now deprecated and will be removed in a future version. Please use the ui.Menu() constructor to create the menu.
Error: Plugin encountered an error
Connected to server plugins-preprod.nanome.ai 8888
Registered with plugin ID 24 
=======================================

Warning: The default menu (self.menu) is now deprecated and will be removed in a future version. Please use the ui.Menu() constructor to create the menu.
Connected to server plugins-preprod.nanome.ai 8888
Registered with plugin ID 25 
=======================================

Warning: The default menu (self.menu) is now deprecated and will be removed in a future version. Please use the ui.Menu() constructor to create the menu.
Error: Plugin encountered an error
Connected to server plugins-preprod.nanome.ai 8888
Registered with plugin ID 26 
=======================================

Warning: The default menu (self.menu) is now deprecated and will be removed in a future version. Please use the ui.Menu() constructor to create the menu.
Error: Plugin encountered an error
Connected to server plugins-preprod.nanome.ai 8888
Registered with plugin ID 27 
=======================================

Warning: The default menu (self.menu) is now deprecated and will be removed in a future version. Please use the ui.Menu() constructor to create the menu.
Error: Plugin encountered an error
Warning: The default menu (self.menu) is now deprecated and will be removed in a future version. Please use the ui.Menu() constructor to create the menu.
Connected to server plugins-preprod.nanome.ai 8888
Registered with plugin ID 28 
=======================================

Warning: The default menu (self.menu) is now deprecated and will be removed in a future version. Please use the ui.Menu() constructor to create the menu.
Error: Plugin encountered an error
Connected to server plugins-preprod.nanome.ai 8888
Registered with plugin ID 29 
=======================================

Warning: The default menu (self.menu) is now deprecated and will be removed in a future version. Please use the ui.Menu() constructor to create the menu.
Error: Plugin encountered an error
Connected to server plugins-preprod.nanome.ai 8888
Registered with plugin ID 30 
=======================================

Warning: The default menu (self.menu) is now deprecated and will be removed in a future version. Please use the ui.Menu() constructor to create the menu.
Error: Plugin encountered an error
Connected to server plugins-preprod.nanome.ai 8888
Registered with plugin ID 31 
=======================================

Warning: The default menu (self.menu) is now deprecated and will be removed in a future version. Please use the ui.Menu() constructor to create the menu.
Connected to server plugins-preprod.nanome.ai 8888
Registered with plugin ID 32 
=======================================

Warning: The default menu (self.menu) is now deprecated and will be removed in a future version. Please use the ui.Menu() constructor to create the menu.
Error: Plugin encountered an error
Connected to server plugins-preprod.nanome.ai 8888
Registered with plugin ID 33 
=======================================

Warning: The default menu (self.menu) is now deprecated and will be removed in a future version. Please use the ui.Menu() constructor to create the menu.
Error: Plugin encountered an error
Connected to server plugins-preprod.nanome.ai 8888
Registered with plugin ID 34 
=======================================

Warning: The default menu (self.menu) is now deprecated and will be removed in a future version. Please use the ui.Menu() constructor to create the menu.
Error: Plugin encountered an error
Connected to server plugins-preprod.nanome.ai 8888
Registered with plugin ID 35 
=======================================

Warning: The default menu (self.menu) is now deprecated and will be removed in a future version. Please use the ui.Menu() constructor to create the menu.
Error: Plugin encountered an error
Connected to server plugins-preprod.nanome.ai 8888
Registered with plugin ID 36 
=======================================

Warning: The default menu (self.menu) is now deprecated and will be removed in a future version. Please use the ui.Menu() constructor to create the menu.
Error: Plugin encountered an error
Warning: The default menu (self.menu) is now deprecated and will be removed in a future version. Please use the ui.Menu() constructor to create the menu.
Error: Plugin encountered an error
Connected to server plugins-preprod.nanome.ai 8888
Registered with plugin ID 37 
=======================================

Warning: The default menu (self.menu) is now deprecated and will be removed in a future version. Please use the ui.Menu() constructor to create the menu.
Error: Plugin encountered an error
Connected to server plugins-preprod.nanome.ai 8888
Registered with plugin ID 38 
=======================================

Warning: The default menu (self.menu) is now deprecated and will be removed in a future version. Please use the ui.Menu() constructor to create the menu.
Error: Plugin encountered an error
Connected to server plugins-preprod.nanome.ai 8888
Registered with plugin ID 39 
=======================================

Warning: The default menu (self.menu) is now deprecated and will be removed in a future version. Please use the ui.Menu() constructor to create the menu.
Warning: Callback on_run not defined. Ignoring
Connected to server plugins-preprod.nanome.ai 8888
Registered with plugin ID 40 
=======================================

Warning: The default menu (self.menu) is now deprecated and will be removed in a future version. Please use the ui.Menu() constructor to create the menu.
Connected to server plugins-preprod.nanome.ai 8888
Registered with plugin ID 41 
=======================================

Warning: The default menu (self.menu) is now deprecated and will be removed in a future version. Please use the ui.Menu() constructor to create the menu.
Error: Plugin encountered an error
Connected to server plugins-preprod.nanome.ai 8888
Registered with plugin ID 42 
=======================================

Warning: The default menu (self.menu) is now deprecated and will be removed in a future version. Please use the ui.Menu() constructor to create the menu.
Connected to server plugins-preprod.nanome.ai 8888
Registered with plugin ID 43 
=======================================

Warning: The default menu (self.menu) is now deprecated and will be removed in a future version. Please use the ui.Menu() constructor to create the menu.
Error: Plugin encountered an error
Connected to server plugins-preprod.nanome.ai 8888
Registered with plugin ID 44 
=======================================

Warning: The default menu (self.menu) is now deprecated and will be removed in a future version. Please use the ui.Menu() constructor to create the menu.
Error: Plugin encountered an error
Connected to server plugins-preprod.nanome.ai 8888
Registered with plugin ID 45 
=======================================

Warning: The default menu (self.menu) is now deprecated and will be removed in a future version. Please use the ui.Menu() constructor to create the menu.
Error: Plugin encountered an error
Connected to server plugins-preprod.nanome.ai 8888
Registered with plugin ID 46 
=======================================

Warning: The default menu (self.menu) is now deprecated and will be removed in a future version. Please use the ui.Menu() constructor to create the menu.
Error: Plugin encountered an error
Connected to server plugins-preprod.nanome.ai 8888
Registered with plugin ID 47 
=======================================

Warning: The default menu (self.menu) is now deprecated and will be removed in a future version. Please use the ui.Menu() constructor to create the menu.
Error: Plugin encountered an error
Connected to server plugins-preprod.nanome.ai 8888
Registered with plugin ID 48 
=======================================

Warning: The default menu (self.menu) is now deprecated and will be removed in a future version. Please use the ui.Menu() constructor to create the menu.
Error: Plugin encountered an error
Connected to server plugins-preprod.nanome.ai 8888
Registered with plugin ID 49 
=======================================

Warning: The default menu (self.menu) is now deprecated and will be removed in a future version. Please use the ui.Menu() constructor to create the menu.
Error: Plugin encountered an error
Connected to server plugins-preprod.nanome.ai 8888
Registered with plugin ID 50 
=======================================

Warning: The default menu (self.menu) is now deprecated and will be removed in a future version. Please use the ui.Menu() constructor to create the menu.
Error: Plugin encountered an error
Connected to server plugins-preprod.nanome.ai 8888
Registered with plugin ID 51 
=======================================

Warning: The default menu (self.menu) is now deprecated and will be removed in a future version. Please use the ui.Menu() constructor to create the menu.
Error: Plugin encountered an error
Connected to server plugins-preprod.nanome.ai 8888
Registered with plugin ID 52 
=======================================

Warning: The default menu (self.menu) is now deprecated and will be removed in a future version. Please use the ui.Menu() constructor to create the menu.
Error: Plugin encountered an error
Connected to server plugins-preprod.nanome.ai 8888
Registered with plugin ID 53 
=======================================

Warning: The default menu (self.menu) is now deprecated and will be removed in a future version. Please use the ui.Menu() constructor to create the menu.
Error: Plugin encountered an error
Connected to server plugins-preprod.nanome.ai 8888
Registered with plugin ID 54 
=======================================

Warning: The default menu (self.menu) is now deprecated and will be removed in a future version. Please use the ui.Menu() constructor to create the menu.
Error: Plugin encountered an error
Connected to server plugins-preprod.nanome.ai 8888
Registered with plugin ID 55 
=======================================

Warning: The default menu (self.menu) is now deprecated and will be removed in a future version. Please use the ui.Menu() constructor to create the menu.
Error: Plugin encountered an error
Connected to server plugins-preprod.nanome.ai 8888
Registered with plugin ID 56 
=======================================

Warning: The default menu (self.menu) is now deprecated and will be removed in a future version. Please use the ui.Menu() constructor to create the menu.
Connected to server plugins-preprod.nanome.ai 8888
Registered with plugin ID 57 
=======================================

Connected to server plugins-preprod.nanome.ai 8888
Registered with plugin ID 58 
=======================================

Warning: The default menu (self.menu) is now deprecated and will be removed in a future version. Please use the ui.Menu() constructor to create the menu.
Connected to server plugins-preprod.nanome.ai 8888
Registered with plugin ID 59 
=======================================

Warning: The default menu (self.menu) is now deprecated and will be removed in a future version. Please use the ui.Menu() constructor to create the menu.
Connected to server plugins-preprod.nanome.ai 8888
Registered with plugin ID 60 
=======================================

Warning: The default menu (self.menu) is now deprecated and will be removed in a future version. Please use the ui.Menu() constructor to create the menu.
Warning: The default menu (self.menu) is now deprecated and will be removed in a future version. Please use the ui.Menu() constructor to create the menu.
Connected to server plugins-preprod.nanome.ai 8888
Registered with plugin ID 61 
=======================================

Warning: The default menu (self.menu) is now deprecated and will be removed in a future version. Please use the ui.Menu() constructor to create the menu.
Connected to server plugins-preprod.nanome.ai 8888
Registered with plugin ID 64 
=======================================

Warning: The default menu (self.menu) is now deprecated and will be removed in a future version. Please use the ui.Menu() constructor to create the menu.
Connected to server plugins-preprod.nanome.ai 8888
Registered with plugin ID 65 
=======================================

Warning: The default menu (self.menu) is now deprecated and will be removed in a future version. Please use the ui.Menu() constructor to create the menu.
Connected to server plugins-preprod.nanome.ai 8888
Registered with plugin ID 66 
=======================================

Warning: The default menu (self.menu) is now deprecated and will be removed in a future version. Please use the ui.Menu() constructor to create the menu.
Connected to server plugins-preprod.nanome.ai 8888
Registered with plugin ID 67 
=======================================

Warning: The default menu (self.menu) is now deprecated and will be removed in a future version. Please use the ui.Menu() constructor to create the menu.
Connected to server plugins-preprod.nanome.ai 8888
Registered with plugin ID 68 
=======================================

Warning: The default menu (self.menu) is now deprecated and will be removed in a future version. Please use the ui.Menu() constructor to create the menu.
Error: Plugin encountered an error
Connected to server plugins-preprod.nanome.ai 8888
Registered with plugin ID 69 
=======================================

Warning: The default menu (self.menu) is now deprecated and will be removed in a future version. Please use the ui.Menu() constructor to create the menu.
Error: Plugin encountered an error
Connected to server plugins-preprod.nanome.ai 8888
Registered with plugin ID 70 
=======================================

Warning: The default menu (self.menu) is now deprecated and will be removed in a future version. Please use the ui.Menu() constructor to create the menu.
Error: Plugin encountered an error
Connected to server plugins-preprod.nanome.ai 8888
Registered with plugin ID 71 
=======================================

Warning: The default menu (self.menu) is now deprecated and will be removed in a future version. Please use the ui.Menu() constructor to create the menu.
Error: Plugin encountered an error
Connected to server plugins-preprod.nanome.ai 8888
Registered with plugin ID 72 
=======================================

Warning: The default menu (self.menu) is now deprecated and will be removed in a future version. Please use the ui.Menu() constructor to create the menu.
Error: Plugin encountered an error
Connected to server plugins-preprod.nanome.ai 8888
Registered with plugin ID 73 
=======================================

Warning: The default menu (self.menu) is now deprecated and will be removed in a future version. Please use the ui.Menu() constructor to create the menu.
Error: Exception in process manager update:
 Traceback (most recent call last):
  File "C:\Users\chalm\AppData\Local\Programs\Python\Python38-32\lib\site-packages\nanome\_internal\_process\_process_manager.py", line 43, in _update
    spawn_count = min(_ProcessManager._max_process_count - len(self.__running), len(self.__pending))
KeyboardInterrupt

Error: Plugin encountered an error, please check the logs. Traceback (most recent call last):
  File "C:\Users\chalm\AppData\Local\Programs\Python\Python38-32\lib\site-packages\nanome\_internal\_network\_session.py", line 14, in _read_from_plugin
    has_net_data = self.__net_plugin_pipe.poll()
  File "C:\Users\chalm\AppData\Local\Programs\Python\Python38-32\lib\multiprocessing\connection.py", line 257, in poll
    return self._poll(timeout)
  File "C:\Users\chalm\AppData\Local\Programs\Python\Python38-32\lib\multiprocessing\connection.py", line 328, in _poll
    _winapi.PeekNamedPipe(self._handle)[0] != 0):
BrokenPipeError: [WinError 109] The pipe has been ended

Connected to server plugins-preprod.nanome.ai 8888
Registered with plugin ID 74 
=======================================

Warning: The default menu (self.menu) is now deprecated and will be removed in a future version. Please use the ui.Menu() constructor to create the menu.
Error: Plugin encountered an error
Connected to server plugins-preprod.nanome.ai 8888
Registered with plugin ID 75 
=======================================

Warning: The default menu (self.menu) is now deprecated and will be removed in a future version. Please use the ui.Menu() constructor to create the menu.
Error: Plugin encountered an error
Connected to server plugins-preprod.nanome.ai 8888
Registered with plugin ID 76 
=======================================

Warning: The default menu (self.menu) is now deprecated and will be removed in a future version. Please use the ui.Menu() constructor to create the menu.
Warning: The default menu (self.menu) is now deprecated and will be removed in a future version. Please use the ui.Menu() constructor to create the menu.
Connected to server plugins-preprod.nanome.ai 8888
Registered with plugin ID 77 
=======================================

Warning: The default menu (self.menu) is now deprecated and will be removed in a future version. Please use the ui.Menu() constructor to create the menu.
Connected to server plugins-preprod.nanome.ai 8888
Registered with plugin ID 78 
=======================================

Warning: The default menu (self.menu) is now deprecated and will be removed in a future version. Please use the ui.Menu() constructor to create the menu.
Connected to server plugins-preprod.nanome.ai 8888
Registered with plugin ID 79 
=======================================

Warning: The default menu (self.menu) is now deprecated and will be removed in a future version. Please use the ui.Menu() constructor to create the menu.
Connected to server plugins-preprod.nanome.ai 8888
Registered with plugin ID 80 
=======================================

Warning: The default menu (self.menu) is now deprecated and will be removed in a future version. Please use the ui.Menu() constructor to create the menu.
Connected to server plugins-preprod.nanome.ai 8888
Registered with plugin ID 81 
=======================================

Warning: The default menu (self.menu) is now deprecated and will be removed in a future version. Please use the ui.Menu() constructor to create the menu.
Connected to server plugins-preprod.nanome.ai 8888
Registered with plugin ID 82 
=======================================

Warning: The default menu (self.menu) is now deprecated and will be removed in a future version. Please use the ui.Menu() constructor to create the menu.
Error: Plugin encountered an error
Connected to server plugins-preprod.nanome.ai 8888
Registered with plugin ID 83 
=======================================

Warning: The default menu (self.menu) is now deprecated and will be removed in a future version. Please use the ui.Menu() constructor to create the menu.
Error: Plugin encountered an error
Connected to server plugins-preprod.nanome.ai 8888
Registered with plugin ID 84 
=======================================

Warning: The default menu (self.menu) is now deprecated and will be removed in a future version. Please use the ui.Menu() constructor to create the menu.
Error: Plugin encountered an error
Connected to server plugins-preprod.nanome.ai 8888
Registered with plugin ID 85 
=======================================

Error: Traceback (most recent call last):
  File "C:\Users\chalm\AppData\Local\Programs\Python\Python38-32\lib\site-packages\nanome\_internal\_plugin_instance.py", line 68, in _run
    self.start()
  File "C:\Users\chalm\Desktop\git_nanome\plugin-GlycamCB\nanome_GlycamCB\GlycamCB.py", line 45, in start
    self._menu.build_menu()
AttributeError: 'Menu' object has no attribute 'build_menu'

Error: Plugin encountered an error, please check the logs. Traceback (most recent call last):
  File "C:\Users\chalm\AppData\Local\Programs\Python\Python38-32\lib\site-packages\nanome\_internal\_network\_session.py", line 15, in _read_from_plugin
    has_proc_data = self.__proc_plugin_pipe.poll()
  File "C:\Users\chalm\AppData\Local\Programs\Python\Python38-32\lib\multiprocessing\connection.py", line 257, in poll
    return self._poll(timeout)
  File "C:\Users\chalm\AppData\Local\Programs\Python\Python38-32\lib\multiprocessing\connection.py", line 328, in _poll
    _winapi.PeekNamedPipe(self._handle)[0] != 0):
BrokenPipeError: [WinError 109] The pipe has been ended

Connected to server plugins-preprod.nanome.ai 8888
Registered with plugin ID 86 
=======================================

Error: Traceback (most recent call last):
  File "C:\Users\chalm\AppData\Local\Programs\Python\Python38-32\lib\site-packages\nanome\_internal\_plugin_instance.py", line 68, in _run
    self.start()
  File "C:\Users\chalm\Desktop\git_nanome\plugin-GlycamCB\nanome_GlycamCB\GlycamCB.py", line 43, in start
    self.open_menu()
AttributeError: 'GlycamCB' object has no attribute 'open_menu'

Error: Plugin encountered an error, please check the logs. Traceback (most recent call last):
  File "C:\Users\chalm\AppData\Local\Programs\Python\Python38-32\lib\site-packages\nanome\_internal\_network\_session.py", line 15, in _read_from_plugin
    has_proc_data = self.__proc_plugin_pipe.poll()
  File "C:\Users\chalm\AppData\Local\Programs\Python\Python38-32\lib\multiprocessing\connection.py", line 257, in poll
    return self._poll(timeout)
  File "C:\Users\chalm\AppData\Local\Programs\Python\Python38-32\lib\multiprocessing\connection.py", line 328, in _poll
    _winapi.PeekNamedPipe(self._handle)[0] != 0):
BrokenPipeError: [WinError 109] The pipe has been ended

Connected to server plugins-preprod.nanome.ai 8888
Registered with plugin ID 87 
=======================================

Error: Traceback (most recent call last):
  File "C:\Users\chalm\AppData\Local\Programs\Python\Python38-32\lib\site-packages\nanome\_internal\_plugin_instance.py", line 68, in _run
    self.start()
  File "C:\Users\chalm\Desktop\git_nanome\plugin-GlycamCB\nanome_GlycamCB\GlycamCB.py", line 43, in start
    self.open_menu()
  File "C:\Users\chalm\Desktop\git_nanome\plugin-GlycamCB\nanome_GlycamCB\GlycamCB.py", line 60, in open_menu
    self.__menu.enabled = True
AttributeError: 'GlycamCB' object has no attribute '_GlycamCB__menu'

Error: Plugin encountered an error, please check the logs. Traceback (most recent call last):
  File "C:\Users\chalm\AppData\Local\Programs\Python\Python38-32\lib\site-packages\nanome\_internal\_network\_session.py", line 15, in _read_from_plugin
    has_proc_data = self.__proc_plugin_pipe.poll()
  File "C:\Users\chalm\AppData\Local\Programs\Python\Python38-32\lib\multiprocessing\connection.py", line 257, in poll
    return self._poll(timeout)
  File "C:\Users\chalm\AppData\Local\Programs\Python\Python38-32\lib\multiprocessing\connection.py", line 328, in _poll
    _winapi.PeekNamedPipe(self._handle)[0] != 0):
BrokenPipeError: [WinError 109] The pipe has been ended

Connected to server plugins-preprod.nanome.ai 8888
Registered with plugin ID 88 
=======================================

Connected to server plugins-preprod.nanome.ai 8888
Registered with plugin ID 89 
=======================================

Connected to server plugins-preprod.nanome.ai 8888
Registered with plugin ID 90 
=======================================

Connected to server plugins-preprod.nanome.ai 8888
Registered with plugin ID 91 
=======================================

Connected to server plugins-preprod.nanome.ai 8888
Registered with plugin ID 92 
=======================================

Warning: The default menu (self.menu) is now deprecated and will be removed in a future version. Please use the ui.Menu() constructor to create the menu.
Connected to server plugins-preprod.nanome.ai 8888
Registered with plugin ID 93 
=======================================

Warning: The default menu (self.menu) is now deprecated and will be removed in a future version. Please use the ui.Menu() constructor to create the menu.
Connected to server plugins-preprod.nanome.ai 8888
Registered with plugin ID 94 
=======================================

Error: Traceback (most recent call last):
  File "C:\Users\chalm\AppData\Local\Programs\Python\Python38-32\lib\site-packages\nanome\_internal\_plugin_instance.py", line 68, in _run
    self.start()
  File "C:\Users\chalm\Desktop\git_nanome\plugin-GlycamCB\nanome_GlycamCB\GlycamCB.py", line 46, in start
    self.open_menu()
  File "C:\Users\chalm\Desktop\git_nanome\plugin-GlycamCB\nanome_GlycamCB\GlycamCB.py", line 62, in open_menu
    self._menu.enabled = True
AttributeError: 'GlycamCB' object has no attribute '_menu'

Error: Plugin encountered an error, please check the logs. Traceback (most recent call last):
  File "C:\Users\chalm\AppData\Local\Programs\Python\Python38-32\lib\site-packages\nanome\_internal\_network\_session.py", line 15, in _read_from_plugin
    has_proc_data = self.__proc_plugin_pipe.poll()
  File "C:\Users\chalm\AppData\Local\Programs\Python\Python38-32\lib\multiprocessing\connection.py", line 257, in poll
    return self._poll(timeout)
  File "C:\Users\chalm\AppData\Local\Programs\Python\Python38-32\lib\multiprocessing\connection.py", line 328, in _poll
    _winapi.PeekNamedPipe(self._handle)[0] != 0):
BrokenPipeError: [WinError 109] The pipe has been ended

Connected to server plugins-preprod.nanome.ai 8888
Registered with plugin ID 95 
=======================================

Warning: The default menu (self.menu) is now deprecated and will be removed in a future version. Please use the ui.Menu() constructor to create the menu.
Connected to server plugins-preprod.nanome.ai 8888
Registered with plugin ID 96 
=======================================

Warning: The default menu (self.menu) is now deprecated and will be removed in a future version. Please use the ui.Menu() constructor to create the menu.
Connected to server plugins-preprod.nanome.ai 8888
Registered with plugin ID 97 
=======================================

Error: Traceback (most recent call last):
  File "C:\Users\chalm\AppData\Local\Programs\Python\Python38-32\lib\site-packages\nanome\_internal\_plugin_instance.py", line 68, in _run
    self.start()
  File "C:\Users\chalm\Desktop\git_nanome\plugin-GlycamCB\nanome_GlycamCB\GlycamCB.py", line 56, in start
    print(self._menu.node)
AttributeError: 'Menu' object has no attribute 'node'

Error: Plugin encountered an error, please check the logs. Traceback (most recent call last):
  File "C:\Users\chalm\AppData\Local\Programs\Python\Python38-32\lib\site-packages\nanome\_internal\_network\_session.py", line 15, in _read_from_plugin
    has_proc_data = self.__proc_plugin_pipe.poll()
  File "C:\Users\chalm\AppData\Local\Programs\Python\Python38-32\lib\multiprocessing\connection.py", line 257, in poll
    return self._poll(timeout)
  File "C:\Users\chalm\AppData\Local\Programs\Python\Python38-32\lib\multiprocessing\connection.py", line 328, in _poll
    _winapi.PeekNamedPipe(self._handle)[0] != 0):
BrokenPipeError: [WinError 109] The pipe has been ended

Connected to server plugins-preprod.nanome.ai 8888
Registered with plugin ID 98 
=======================================

Error: Traceback (most recent call last):
  File "C:\Users\chalm\AppData\Local\Programs\Python\Python38-32\lib\site-packages\nanome\_internal\_plugin_instance.py", line 68, in _run
    self.start()
  File "C:\Users\chalm\Desktop\git_nanome\plugin-GlycamCB\nanome_GlycamCB\GlycamCB.py", line 56, in start
    print(self._menu.effective_root.node)
AttributeError: 'Menu' object has no attribute 'effective_root'

Error: Plugin encountered an error, please check the logs. Traceback (most recent call last):
  File "C:\Users\chalm\AppData\Local\Programs\Python\Python38-32\lib\site-packages\nanome\_internal\_network\_session.py", line 15, in _read_from_plugin
    has_proc_data = self.__proc_plugin_pipe.poll()
  File "C:\Users\chalm\AppData\Local\Programs\Python\Python38-32\lib\multiprocessing\connection.py", line 257, in poll
    return self._poll(timeout)
  File "C:\Users\chalm\AppData\Local\Programs\Python\Python38-32\lib\multiprocessing\connection.py", line 328, in _poll
    _winapi.PeekNamedPipe(self._handle)[0] != 0):
BrokenPipeError: [WinError 109] The pipe has been ended

Connected to server plugins-preprod.nanome.ai 8888
Registered with plugin ID 99 
=======================================

Error: Traceback (most recent call last):
  File "C:\Users\chalm\AppData\Local\Programs\Python\Python38-32\lib\site-packages\nanome\_internal\_plugin_instance.py", line 68, in _run
    self.start()
  File "C:\Users\chalm\Desktop\git_nanome\plugin-GlycamCB\nanome_GlycamCB\GlycamCB.py", line 56, in start
    print(self._menu.effective_root)
AttributeError: 'Menu' object has no attribute 'effective_root'

Error: Plugin encountered an error, please check the logs. Traceback (most recent call last):
  File "C:\Users\chalm\AppData\Local\Programs\Python\Python38-32\lib\site-packages\nanome\_internal\_network\_session.py", line 15, in _read_from_plugin
    has_proc_data = self.__proc_plugin_pipe.poll()
  File "C:\Users\chalm\AppData\Local\Programs\Python\Python38-32\lib\multiprocessing\connection.py", line 257, in poll
    return self._poll(timeout)
  File "C:\Users\chalm\AppData\Local\Programs\Python\Python38-32\lib\multiprocessing\connection.py", line 328, in _poll
    _winapi.PeekNamedPipe(self._handle)[0] != 0):
BrokenPipeError: [WinError 109] The pipe has been ended

Connected to server plugins-preprod.nanome.ai 8888
Registered with plugin ID 100 
=======================================

Error: Traceback (most recent call last):
  File "C:\Users\chalm\AppData\Local\Programs\Python\Python38-32\lib\site-packages\nanome\_internal\_plugin_instance.py", line 68, in _run
    self.start()
  File "C:\Users\chalm\Desktop\git_nanome\plugin-GlycamCB\nanome_GlycamCB\GlycamCB.py", line 56, in start
    print(self._menu.text)
AttributeError: 'Menu' object has no attribute 'text'

Error: Plugin encountered an error, please check the logs. Traceback (most recent call last):
  File "C:\Users\chalm\AppData\Local\Programs\Python\Python38-32\lib\site-packages\nanome\_internal\_network\_session.py", line 15, in _read_from_plugin
    has_proc_data = self.__proc_plugin_pipe.poll()
  File "C:\Users\chalm\AppData\Local\Programs\Python\Python38-32\lib\multiprocessing\connection.py", line 257, in poll
    return self._poll(timeout)
  File "C:\Users\chalm\AppData\Local\Programs\Python\Python38-32\lib\multiprocessing\connection.py", line 328, in _poll
    _winapi.PeekNamedPipe(self._handle)[0] != 0):
BrokenPipeError: [WinError 109] The pipe has been ended

Connected to server plugins-preprod.nanome.ai 8888
Registered with plugin ID 101 
=======================================

Warning: The default menu (self.menu) is now deprecated and will be removed in a future version. Please use the ui.Menu() constructor to create the menu.
Connected to server plugins-preprod.nanome.ai 8888
Registered with plugin ID 102 
=======================================

Error: Traceback (most recent call last):
  File "C:\Users\chalm\AppData\Local\Programs\Python\Python38-32\lib\site-packages\nanome\_internal\_plugin_instance.py", line 68, in _run
    self.start()
  File "C:\Users\chalm\Desktop\git_nanome\plugin-GlycamCB\nanome_GlycamCB\GlycamCB.py", line 58, in start
    display(menu)
NameError: name 'display' is not defined

Error: Plugin encountered an error, please check the logs. Traceback (most recent call last):
  File "C:\Users\chalm\AppData\Local\Programs\Python\Python38-32\lib\site-packages\nanome\_internal\_network\_session.py", line 15, in _read_from_plugin
    has_proc_data = self.__proc_plugin_pipe.poll()
  File "C:\Users\chalm\AppData\Local\Programs\Python\Python38-32\lib\multiprocessing\connection.py", line 257, in poll
    return self._poll(timeout)
  File "C:\Users\chalm\AppData\Local\Programs\Python\Python38-32\lib\multiprocessing\connection.py", line 328, in _poll
    _winapi.PeekNamedPipe(self._handle)[0] != 0):
BrokenPipeError: [WinError 109] The pipe has been ended

Connected to server plugins-preprod.nanome.ai 8888
Registered with plugin ID 103 
=======================================

Error: Plugin encountered an error
Connected to server plugins-preprod.nanome.ai 8888
Registered with plugin ID 104 
=======================================

Error: Traceback (most recent call last):
  File "C:\Users\chalm\AppData\Local\Programs\Python\Python38-32\lib\site-packages\nanome\_internal\_plugin_instance.py", line 68, in _run
    self.start()
  File "C:\Users\chalm\Desktop\git_nanome\plugin-GlycamCB\nanome_GlycamCB\GlycamCB.py", line 58, in start
    start._menu
NameError: name 'start' is not defined

Error: Plugin encountered an error, please check the logs. Traceback (most recent call last):
  File "C:\Users\chalm\AppData\Local\Programs\Python\Python38-32\lib\site-packages\nanome\_internal\_network\_session.py", line 15, in _read_from_plugin
    has_proc_data = self.__proc_plugin_pipe.poll()
  File "C:\Users\chalm\AppData\Local\Programs\Python\Python38-32\lib\multiprocessing\connection.py", line 257, in poll
    return self._poll(timeout)
  File "C:\Users\chalm\AppData\Local\Programs\Python\Python38-32\lib\multiprocessing\connection.py", line 328, in _poll
    _winapi.PeekNamedPipe(self._handle)[0] != 0):
BrokenPipeError: [WinError 109] The pipe has been ended

Connected to server plugins-preprod.nanome.ai 8888
Registered with plugin ID 105 
=======================================

Warning: The default menu (self.menu) is now deprecated and will be removed in a future version. Please use the ui.Menu() constructor to create the menu.
Connected to server plugins-preprod.nanome.ai 8888
Registered with plugin ID 106 
=======================================

Warning: The default menu (self.menu) is now deprecated and will be removed in a future version. Please use the ui.Menu() constructor to create the menu.
Connected to server plugins-preprod.nanome.ai 8888
Registered with plugin ID 107 
=======================================

Warning: The default menu (self.menu) is now deprecated and will be removed in a future version. Please use the ui.Menu() constructor to create the menu.
Connected to server plugins-preprod.nanome.ai 8888
Registered with plugin ID 108 
=======================================

Error: Traceback (most recent call last):
  File "C:\Users\chalm\AppData\Local\Programs\Python\Python38-32\lib\site-packages\nanome\_internal\_plugin_instance.py", line 68, in _run
    self.start()
  File "C:\Users\chalm\Desktop\git_nanome\plugin-GlycamCB\nanome_GlycamCB\GlycamCB.py", line 56, in start
    data=json.load(MENU_PATH)
  File "C:\Users\chalm\AppData\Local\Programs\Python\Python38-32\lib\json\__init__.py", line 293, in load
    return loads(fp.read(),
AttributeError: 'str' object has no attribute 'read'

Error: Plugin encountered an error, please check the logs. Traceback (most recent call last):
  File "C:\Users\chalm\AppData\Local\Programs\Python\Python38-32\lib\site-packages\nanome\_internal\_network\_session.py", line 15, in _read_from_plugin
    has_proc_data = self.__proc_plugin_pipe.poll()
  File "C:\Users\chalm\AppData\Local\Programs\Python\Python38-32\lib\multiprocessing\connection.py", line 257, in poll
    return self._poll(timeout)
  File "C:\Users\chalm\AppData\Local\Programs\Python\Python38-32\lib\multiprocessing\connection.py", line 328, in _poll
    _winapi.PeekNamedPipe(self._handle)[0] != 0):
BrokenPipeError: [WinError 109] The pipe has been ended

Connected to server plugins-preprod.nanome.ai 8888
Registered with plugin ID 109 
=======================================

Error: Traceback (most recent call last):
  File "C:\Users\chalm\AppData\Local\Programs\Python\Python38-32\lib\site-packages\nanome\_internal\_plugin_instance.py", line 68, in _run
    self.start()
  File "C:\Users\chalm\Desktop\git_nanome\plugin-GlycamCB\nanome_GlycamCB\GlycamCB.py", line 56, in start
    data=json.loads(MENU_PATH)
  File "C:\Users\chalm\AppData\Local\Programs\Python\Python38-32\lib\json\__init__.py", line 357, in loads
    return _default_decoder.decode(s)
  File "C:\Users\chalm\AppData\Local\Programs\Python\Python38-32\lib\json\decoder.py", line 337, in decode
    obj, end = self.raw_decode(s, idx=_w(s, 0).end())
  File "C:\Users\chalm\AppData\Local\Programs\Python\Python38-32\lib\json\decoder.py", line 355, in raw_decode
    raise JSONDecodeError("Expecting value", s, err.value) from None
json.decoder.JSONDecodeError: Expecting value: line 1 column 1 (char 0)

Error: Plugin encountered an error, please check the logs. Traceback (most recent call last):
  File "C:\Users\chalm\AppData\Local\Programs\Python\Python38-32\lib\site-packages\nanome\_internal\_network\_session.py", line 15, in _read_from_plugin
    has_proc_data = self.__proc_plugin_pipe.poll()
  File "C:\Users\chalm\AppData\Local\Programs\Python\Python38-32\lib\multiprocessing\connection.py", line 257, in poll
    return self._poll(timeout)
  File "C:\Users\chalm\AppData\Local\Programs\Python\Python38-32\lib\multiprocessing\connection.py", line 328, in _poll
    _winapi.PeekNamedPipe(self._handle)[0] != 0):
BrokenPipeError: [WinError 109] The pipe has been ended

Connected to server plugins-preprod.nanome.ai 8888
Registered with plugin ID 110 
=======================================

Error: Traceback (most recent call last):
  File "C:\Users\chalm\AppData\Local\Programs\Python\Python38-32\lib\site-packages\nanome\_internal\_plugin_instance.py", line 68, in _run
    self.start()
  File "C:\Users\chalm\Desktop\git_nanome\plugin-GlycamCB\nanome_GlycamCB\GlycamCB.py", line 56, in start
    data=json.load("menus/GlycamCB_menu.json")
  File "C:\Users\chalm\AppData\Local\Programs\Python\Python38-32\lib\json\__init__.py", line 293, in load
    return loads(fp.read(),
AttributeError: 'str' object has no attribute 'read'

Error: Plugin encountered an error, please check the logs. Traceback (most recent call last):
  File "C:\Users\chalm\AppData\Local\Programs\Python\Python38-32\lib\site-packages\nanome\_internal\_network\_session.py", line 15, in _read_from_plugin
    has_proc_data = self.__proc_plugin_pipe.poll()
  File "C:\Users\chalm\AppData\Local\Programs\Python\Python38-32\lib\multiprocessing\connection.py", line 257, in poll
    return self._poll(timeout)
  File "C:\Users\chalm\AppData\Local\Programs\Python\Python38-32\lib\multiprocessing\connection.py", line 328, in _poll
    _winapi.PeekNamedPipe(self._handle)[0] != 0):
BrokenPipeError: [WinError 109] The pipe has been ended

Connected to server plugins-preprod.nanome.ai 8888
Registered with plugin ID 111 
=======================================

Warning: The default menu (self.menu) is now deprecated and will be removed in a future version. Please use the ui.Menu() constructor to create the menu.
Connected to server plugins-preprod.nanome.ai 8888
Registered with plugin ID 112 
=======================================

Warning: The default menu (self.menu) is now deprecated and will be removed in a future version. Please use the ui.Menu() constructor to create the menu.
Connected to server plugins-preprod.nanome.ai 8888
Registered with plugin ID 113 
=======================================

Warning: The default menu (self.menu) is now deprecated and will be removed in a future version. Please use the ui.Menu() constructor to create the menu.
Connected to server plugins-preprod.nanome.ai 8888
Registered with plugin ID 114 
=======================================

Warning: The default menu (self.menu) is now deprecated and will be removed in a future version. Please use the ui.Menu() constructor to create the menu.
Connected to server plugins-preprod.nanome.ai 8888
Registered with plugin ID 115 
=======================================

Warning: The default menu (self.menu) is now deprecated and will be removed in a future version. Please use the ui.Menu() constructor to create the menu.
Connected to server plugins-preprod.nanome.ai 8888
Registered with plugin ID 116 
=======================================

Error: Traceback (most recent call last):
  File "C:\Users\chalm\AppData\Local\Programs\Python\Python38-32\lib\site-packages\nanome\_internal\_plugin_instance.py", line 68, in _run
    self.start()
  File "C:\Users\chalm\Desktop\git_nanome\plugin-GlycamCB\nanome_GlycamCB\GlycamCB.py", line 43, in start
    self._menu = GlycamCBMenu(self)
  File "C:\Users\chalm\Desktop\git_nanome\plugin-GlycamCB\nanome_GlycamCB\GlycamCB_menu.py", line 20, in __init__
    print(self._menu.title)
AttributeError: 'GlycamCBMenu' object has no attribute '_menu'

Error: Plugin encountered an error, please check the logs. Traceback (most recent call last):
  File "C:\Users\chalm\AppData\Local\Programs\Python\Python38-32\lib\site-packages\nanome\_internal\_network\_session.py", line 15, in _read_from_plugin
    has_proc_data = self.__proc_plugin_pipe.poll()
  File "C:\Users\chalm\AppData\Local\Programs\Python\Python38-32\lib\multiprocessing\connection.py", line 257, in poll
    return self._poll(timeout)
  File "C:\Users\chalm\AppData\Local\Programs\Python\Python38-32\lib\multiprocessing\connection.py", line 328, in _poll
    _winapi.PeekNamedPipe(self._handle)[0] != 0):
BrokenPipeError: [WinError 109] The pipe has been ended

Connected to server plugins-preprod.nanome.ai 8888
Registered with plugin ID 117 
=======================================

Error: Traceback (most recent call last):
  File "C:\Users\chalm\AppData\Local\Programs\Python\Python38-32\lib\site-packages\nanome\_internal\_plugin_instance.py", line 68, in _run
    self.start()
  File "C:\Users\chalm\Desktop\git_nanome\plugin-GlycamCB\nanome_GlycamCB\GlycamCB.py", line 43, in start
    self._menu = GlycamCBMenu(self)
  File "C:\Users\chalm\Desktop\git_nanome\plugin-GlycamCB\nanome_GlycamCB\GlycamCB_menu.py", line 20, in __init__
    print(self._menu.title)
AttributeError: 'GlycamCBMenu' object has no attribute '_menu'

Error: Plugin encountered an error, please check the logs. Traceback (most recent call last):
  File "C:\Users\chalm\AppData\Local\Programs\Python\Python38-32\lib\site-packages\nanome\_internal\_network\_session.py", line 15, in _read_from_plugin
    has_proc_data = self.__proc_plugin_pipe.poll()
  File "C:\Users\chalm\AppData\Local\Programs\Python\Python38-32\lib\multiprocessing\connection.py", line 257, in poll
    return self._poll(timeout)
  File "C:\Users\chalm\AppData\Local\Programs\Python\Python38-32\lib\multiprocessing\connection.py", line 328, in _poll
    _winapi.PeekNamedPipe(self._handle)[0] != 0):
BrokenPipeError: [WinError 109] The pipe has been ended

Connected to server plugins-preprod.nanome.ai 8888
Registered with plugin ID 118 
=======================================

Error: Traceback (most recent call last):
  File "C:\Users\chalm\AppData\Local\Programs\Python\Python38-32\lib\site-packages\nanome\_internal\_plugin_instance.py", line 68, in _run
    self.start()
  File "C:\Users\chalm\Desktop\git_nanome\plugin-GlycamCB\nanome_GlycamCB\GlycamCB.py", line 43, in start
    self._menu = GlycamCBMenu(self)
  File "C:\Users\chalm\Desktop\git_nanome\plugin-GlycamCB\nanome_GlycamCB\GlycamCB_menu.py", line 21, in __init__
    self._plugin = GlycamCB_plugin.menu
NameError: name 'GlycamCB_plugin' is not defined

Error: Plugin encountered an error, please check the logs. Traceback (most recent call last):
  File "C:\Users\chalm\AppData\Local\Programs\Python\Python38-32\lib\site-packages\nanome\_internal\_network\_session.py", line 15, in _read_from_plugin
    has_proc_data = self.__proc_plugin_pipe.poll()
  File "C:\Users\chalm\AppData\Local\Programs\Python\Python38-32\lib\multiprocessing\connection.py", line 257, in poll
    return self._poll(timeout)
  File "C:\Users\chalm\AppData\Local\Programs\Python\Python38-32\lib\multiprocessing\connection.py", line 328, in _poll
    _winapi.PeekNamedPipe(self._handle)[0] != 0):
BrokenPipeError: [WinError 109] The pipe has been ended

Connected to server plugins-preprod.nanome.ai 8888
Registered with plugin ID 119 
=======================================

Error: Traceback (most recent call last):
  File "C:\Users\chalm\AppData\Local\Programs\Python\Python38-32\lib\site-packages\nanome\_internal\_plugin_instance.py", line 68, in _run
    self.start()
  File "C:\Users\chalm\Desktop\git_nanome\plugin-GlycamCB\nanome_GlycamCB\GlycamCB.py", line 43, in start
    self._menu = GlycamCBMenu(self)
  File "C:\Users\chalm\Desktop\git_nanome\plugin-GlycamCB\nanome_GlycamCB\GlycamCB_menu.py", line 21, in __init__
    self._menu = nanome_GlycamCB.menu
NameError: name 'nanome_GlycamCB' is not defined

Error: Plugin encountered an error, please check the logs. Traceback (most recent call last):
  File "C:\Users\chalm\AppData\Local\Programs\Python\Python38-32\lib\site-packages\nanome\_internal\_network\_session.py", line 15, in _read_from_plugin
    has_proc_data = self.__proc_plugin_pipe.poll()
  File "C:\Users\chalm\AppData\Local\Programs\Python\Python38-32\lib\multiprocessing\connection.py", line 257, in poll
    return self._poll(timeout)
  File "C:\Users\chalm\AppData\Local\Programs\Python\Python38-32\lib\multiprocessing\connection.py", line 328, in _poll
    _winapi.PeekNamedPipe(self._handle)[0] != 0):
BrokenPipeError: [WinError 109] The pipe has been ended

Connected to server plugins-preprod.nanome.ai 8888
Registered with plugin ID 120 
=======================================

Error: Traceback (most recent call last):
  File "C:\Users\chalm\AppData\Local\Programs\Python\Python38-32\lib\site-packages\nanome\_internal\_plugin_instance.py", line 68, in _run
    self.start()
  File "C:\Users\chalm\Desktop\git_nanome\plugin-GlycamCB\nanome_GlycamCB\GlycamCB.py", line 44, in start
    self._menu.build_menu()
  File "C:\Users\chalm\Desktop\git_nanome\plugin-GlycamCB\nanome_GlycamCB\GlycamCB_menu.py", line 107, in build_menu
    self._plugin.menu = menu
AttributeError: 'GlycamCBMenu' object has no attribute '_plugin'

Error: Plugin encountered an error, please check the logs. Traceback (most recent call last):
  File "C:\Users\chalm\AppData\Local\Programs\Python\Python38-32\lib\site-packages\nanome\_internal\_network\_session.py", line 15, in _read_from_plugin
    has_proc_data = self.__proc_plugin_pipe.poll()
  File "C:\Users\chalm\AppData\Local\Programs\Python\Python38-32\lib\multiprocessing\connection.py", line 257, in poll
    return self._poll(timeout)
  File "C:\Users\chalm\AppData\Local\Programs\Python\Python38-32\lib\multiprocessing\connection.py", line 328, in _poll
    _winapi.PeekNamedPipe(self._handle)[0] != 0):
BrokenPipeError: [WinError 109] The pipe has been ended

Connected to server plugins-preprod.nanome.ai 8888
Registered with plugin ID 121 
=======================================

Error: Traceback (most recent call last):
  File "C:\Users\chalm\AppData\Local\Programs\Python\Python38-32\lib\site-packages\nanome\_internal\_plugin_instance.py", line 68, in _run
    self.start()
  File "C:\Users\chalm\Desktop\git_nanome\plugin-GlycamCB\nanome_GlycamCB\GlycamCB.py", line 43, in start
    self._menu = GlycamCBMenu(self)
  File "C:\Users\chalm\Desktop\git_nanome\plugin-GlycamCB\nanome_GlycamCB\GlycamCB_menu.py", line 21, in __init__
    self._menu = nanome_GlycamCB.menu
NameError: name 'nanome_GlycamCB' is not defined

Error: Plugin encountered an error, please check the logs. Traceback (most recent call last):
  File "C:\Users\chalm\AppData\Local\Programs\Python\Python38-32\lib\site-packages\nanome\_internal\_network\_session.py", line 15, in _read_from_plugin
    has_proc_data = self.__proc_plugin_pipe.poll()
  File "C:\Users\chalm\AppData\Local\Programs\Python\Python38-32\lib\multiprocessing\connection.py", line 257, in poll
    return self._poll(timeout)
  File "C:\Users\chalm\AppData\Local\Programs\Python\Python38-32\lib\multiprocessing\connection.py", line 328, in _poll
    _winapi.PeekNamedPipe(self._handle)[0] != 0):
BrokenPipeError: [WinError 109] The pipe has been ended

Connected to server plugins-preprod.nanome.ai 8888
Registered with plugin ID 122 
=======================================

Error: Traceback (most recent call last):
  File "C:\Users\chalm\AppData\Local\Programs\Python\Python38-32\lib\site-packages\nanome\_internal\_plugin_instance.py", line 68, in _run
    self.start()
  File "C:\Users\chalm\Desktop\git_nanome\plugin-GlycamCB\nanome_GlycamCB\GlycamCB.py", line 43, in start
    self._menu = GlycamCBMenu(self)
  File "C:\Users\chalm\Desktop\git_nanome\plugin-GlycamCB\nanome_GlycamCB\GlycamCB_menu.py", line 21, in __init__
    self._menu = nanome_GlycamCB.menu
NameError: name 'nanome_GlycamCB' is not defined

Error: Plugin encountered an error, please check the logs. Traceback (most recent call last):
  File "C:\Users\chalm\AppData\Local\Programs\Python\Python38-32\lib\site-packages\nanome\_internal\_network\_session.py", line 15, in _read_from_plugin
    has_proc_data = self.__proc_plugin_pipe.poll()
  File "C:\Users\chalm\AppData\Local\Programs\Python\Python38-32\lib\multiprocessing\connection.py", line 257, in poll
    return self._poll(timeout)
  File "C:\Users\chalm\AppData\Local\Programs\Python\Python38-32\lib\multiprocessing\connection.py", line 328, in _poll
    _winapi.PeekNamedPipe(self._handle)[0] != 0):
BrokenPipeError: [WinError 109] The pipe has been ended

Connected to server plugins-preprod.nanome.ai 8888
Registered with plugin ID 123 
=======================================

Error: Traceback (most recent call last):
  File "C:\Users\chalm\AppData\Local\Programs\Python\Python38-32\lib\site-packages\nanome\_internal\_plugin_instance.py", line 68, in _run
    self.start()
  File "C:\Users\chalm\Desktop\git_nanome\plugin-GlycamCB\nanome_GlycamCB\GlycamCB.py", line 43, in start
    self._menu = GlycamCBMenu(self)
  File "C:\Users\chalm\Desktop\git_nanome\plugin-GlycamCB\nanome_GlycamCB\GlycamCB_menu.py", line 21, in __init__
    self._menu = GlycamCB.menu
NameError: name 'GlycamCB' is not defined

Error: Plugin encountered an error, please check the logs. Traceback (most recent call last):
  File "C:\Users\chalm\AppData\Local\Programs\Python\Python38-32\lib\site-packages\nanome\_internal\_network\_session.py", line 15, in _read_from_plugin
    has_proc_data = self.__proc_plugin_pipe.poll()
  File "C:\Users\chalm\AppData\Local\Programs\Python\Python38-32\lib\multiprocessing\connection.py", line 257, in poll
    return self._poll(timeout)
  File "C:\Users\chalm\AppData\Local\Programs\Python\Python38-32\lib\multiprocessing\connection.py", line 328, in _poll
    _winapi.PeekNamedPipe(self._handle)[0] != 0):
BrokenPipeError: [WinError 109] The pipe has been ended

Connected to server plugins-preprod.nanome.ai 8888
Registered with plugin ID 124 
=======================================

Error: Traceback (most recent call last):
  File "C:\Users\chalm\AppData\Local\Programs\Python\Python38-32\lib\site-packages\nanome\_internal\_plugin_instance.py", line 68, in _run
    self.start()
  File "C:\Users\chalm\Desktop\git_nanome\plugin-GlycamCB\nanome_GlycamCB\GlycamCB.py", line 43, in start
    self._menu = GlycamCBMenu(self)
  File "C:\Users\chalm\Desktop\git_nanome\plugin-GlycamCB\nanome_GlycamCB\GlycamCB_menu.py", line 21, in __init__
    self._menu = GlycamCB-menu
NameError: name 'GlycamCB' is not defined

Error: Plugin encountered an error, please check the logs. Traceback (most recent call last):
  File "C:\Users\chalm\AppData\Local\Programs\Python\Python38-32\lib\site-packages\nanome\_internal\_network\_session.py", line 15, in _read_from_plugin
    has_proc_data = self.__proc_plugin_pipe.poll()
  File "C:\Users\chalm\AppData\Local\Programs\Python\Python38-32\lib\multiprocessing\connection.py", line 257, in poll
    return self._poll(timeout)
  File "C:\Users\chalm\AppData\Local\Programs\Python\Python38-32\lib\multiprocessing\connection.py", line 328, in _poll
    _winapi.PeekNamedPipe(self._handle)[0] != 0):
BrokenPipeError: [WinError 109] The pipe has been ended

Connected to server plugins-preprod.nanome.ai 8888
Registered with plugin ID 125 
=======================================

Error: Traceback (most recent call last):
  File "C:\Users\chalm\AppData\Local\Programs\Python\Python38-32\lib\site-packages\nanome\_internal\_plugin_instance.py", line 68, in _run
    self.start()
  File "C:\Users\chalm\Desktop\git_nanome\plugin-GlycamCB\nanome_GlycamCB\GlycamCB.py", line 43, in start
    self._menu = GlycamCBMenu(self)
  File "C:\Users\chalm\Desktop\git_nanome\plugin-GlycamCB\nanome_GlycamCB\GlycamCB_menu.py", line 21, in __init__
    self._menu = GlycamCB_menu
NameError: name 'GlycamCB_menu' is not defined

Error: Plugin encountered an error, please check the logs. Traceback (most recent call last):
  File "C:\Users\chalm\AppData\Local\Programs\Python\Python38-32\lib\site-packages\nanome\_internal\_network\_session.py", line 15, in _read_from_plugin
    has_proc_data = self.__proc_plugin_pipe.poll()
  File "C:\Users\chalm\AppData\Local\Programs\Python\Python38-32\lib\multiprocessing\connection.py", line 257, in poll
    return self._poll(timeout)
  File "C:\Users\chalm\AppData\Local\Programs\Python\Python38-32\lib\multiprocessing\connection.py", line 328, in _poll
    _winapi.PeekNamedPipe(self._handle)[0] != 0):
BrokenPipeError: [WinError 109] The pipe has been ended

Connected to server plugins-preprod.nanome.ai 8888
Registered with plugin ID 126 
=======================================

Error: Traceback (most recent call last):
  File "C:\Users\chalm\AppData\Local\Programs\Python\Python38-32\lib\site-packages\nanome\_internal\_plugin_instance.py", line 68, in _run
    self.start()
  File "C:\Users\chalm\Desktop\git_nanome\plugin-GlycamCB\nanome_GlycamCB\GlycamCB.py", line 43, in start
    self._menu = GlycamCBMenu(self)
  File "C:\Users\chalm\Desktop\git_nanome\plugin-GlycamCB\nanome_GlycamCB\GlycamCB_menu.py", line 22, in __init__
    self._plugin = plugin
NameError: name 'plugin' is not defined

Error: Plugin encountered an error, please check the logs. Traceback (most recent call last):
  File "C:\Users\chalm\AppData\Local\Programs\Python\Python38-32\lib\site-packages\nanome\_internal\_network\_session.py", line 15, in _read_from_plugin
    has_proc_data = self.__proc_plugin_pipe.poll()
  File "C:\Users\chalm\AppData\Local\Programs\Python\Python38-32\lib\multiprocessing\connection.py", line 257, in poll
    return self._poll(timeout)
  File "C:\Users\chalm\AppData\Local\Programs\Python\Python38-32\lib\multiprocessing\connection.py", line 328, in _poll
    _winapi.PeekNamedPipe(self._handle)[0] != 0):
BrokenPipeError: [WinError 109] The pipe has been ended

Connected to server plugins-preprod.nanome.ai 8888
Registered with plugin ID 127 
=======================================

Error: Could not read json file: C:/menus/GlycamCB_pluginator.json
Error: Plugin encountered an error
Connected to server plugins-preprod.nanome.ai 8888
Registered with plugin ID 128 
=======================================

Error: Could not read json file: /c/Users/chalm/Desktop/git_nanome/plugin-GlycamCB/nanome_GlycamCB/menus/GlycamCB_pluginator.json
Error: Plugin encountered an error
Connected to server plugins-preprod.nanome.ai 8888
Registered with plugin ID 129 
=======================================

Error: Could not read json file: C:/GlycamCB_menu.json
Error: Plugin encountered an error
Connected to server plugins-preprod.nanome.ai 8888
Registered with plugin ID 130 
=======================================

Error: Plugin encountered an error
Connected to server plugins-preprod.nanome.ai 8888
Registered with plugin ID 131 
=======================================

Connected to server plugins-preprod.nanome.ai 8888
Registered with plugin ID 132 
=======================================

Error: Traceback (most recent call last):
  File "C:\Users\chalm\AppData\Local\Programs\Python\Python38-32\lib\site-packages\nanome\_internal\_plugin_instance.py", line 68, in _run
    self.start()
  File "C:\Users\chalm\Desktop\git_nanome\plugin-GlycamCB\nanome_GlycamCB\GlycamCB.py", line 44, in start
    self._menu.build_menu()
  File "C:\Users\chalm\Desktop\git_nanome\plugin-GlycamCB\nanome_GlycamCB\GlycamCB_menu.py", line 116, in build_menu
    self._run_button.register_pressed_callback(run_button_pressed_callback)
NameError: name 'run_button_pressed_callback' is not defined

Error: Plugin encountered an error, please check the logs. Traceback (most recent call last):
  File "C:\Users\chalm\AppData\Local\Programs\Python\Python38-32\lib\site-packages\nanome\_internal\_network\_session.py", line 15, in _read_from_plugin
    has_proc_data = self.__proc_plugin_pipe.poll()
  File "C:\Users\chalm\AppData\Local\Programs\Python\Python38-32\lib\multiprocessing\connection.py", line 257, in poll
    return self._poll(timeout)
  File "C:\Users\chalm\AppData\Local\Programs\Python\Python38-32\lib\multiprocessing\connection.py", line 328, in _poll
    _winapi.PeekNamedPipe(self._handle)[0] != 0):
BrokenPipeError: [WinError 109] The pipe has been ended

